{"/home/node/app/react-tdd/src/Calculator.jsx": {"path":"/home/node/app/react-tdd/src/Calculator.jsx","all":false,"statementMap":{"0":{"start":{"line":1,"column":0},"end":{"line":1,"column":33}},"1":{"start":{"line":2,"column":0},"end":{"line":2,"column":34}},"2":{"start":{"line":3,"column":0},"end":{"line":3,"column":0}},"3":{"start":{"line":4,"column":0},"end":{"line":4,"column":59}},"4":{"start":{"line":5,"column":0},"end":{"line":5,"column":0}},"5":{"start":{"line":6,"column":0},"end":{"line":6,"column":47}},"6":{"start":{"line":7,"column":0},"end":{"line":7,"column":0}},"7":{"start":{"line":8,"column":0},"end":{"line":8,"column":29}},"8":{"start":{"line":9,"column":0},"end":{"line":9,"column":0}},"9":{"start":{"line":10,"column":0},"end":{"line":10,"column":33}},"10":{"start":{"line":11,"column":0},"end":{"line":11,"column":41}},"11":{"start":{"line":12,"column":0},"end":{"line":12,"column":0}},"12":{"start":{"line":13,"column":0},"end":{"line":13,"column":69}},"13":{"start":{"line":14,"column":0},"end":{"line":14,"column":0}},"14":{"start":{"line":15,"column":0},"end":{"line":15,"column":23}},"15":{"start":{"line":16,"column":0},"end":{"line":16,"column":25}},"16":{"start":{"line":17,"column":0},"end":{"line":17,"column":69}},"17":{"start":{"line":18,"column":0},"end":{"line":18,"column":16}},"18":{"start":{"line":19,"column":0},"end":{"line":19,"column":15}},"19":{"start":{"line":20,"column":0},"end":{"line":20,"column":7}},"20":{"start":{"line":21,"column":0},"end":{"line":21,"column":0}},"21":{"start":{"line":22,"column":0},"end":{"line":22,"column":10}},"22":{"start":{"line":23,"column":0},"end":{"line":23,"column":13}},"23":{"start":{"line":24,"column":0},"end":{"line":24,"column":25}},"24":{"start":{"line":25,"column":0},"end":{"line":25,"column":50}},"25":{"start":{"line":26,"column":0},"end":{"line":26,"column":23}},"26":{"start":{"line":27,"column":0},"end":{"line":27,"column":35}},"27":{"start":{"line":28,"column":0},"end":{"line":28,"column":38}},"28":{"start":{"line":29,"column":0},"end":{"line":29,"column":23}},"29":{"start":{"line":30,"column":0},"end":{"line":30,"column":16}},"30":{"start":{"line":31,"column":0},"end":{"line":31,"column":11}},"31":{"start":{"line":32,"column":0},"end":{"line":32,"column":40}},"32":{"start":{"line":33,"column":0},"end":{"line":33,"column":79}},"33":{"start":{"line":34,"column":0},"end":{"line":34,"column":23}},"34":{"start":{"line":35,"column":0},"end":{"line":35,"column":19}},"35":{"start":{"line":36,"column":0},"end":{"line":36,"column":11}},"36":{"start":{"line":37,"column":0},"end":{"line":37,"column":74}},"37":{"start":{"line":38,"column":0},"end":{"line":38,"column":12}},"38":{"start":{"line":39,"column":0},"end":{"line":39,"column":14}},"39":{"start":{"line":40,"column":0},"end":{"line":40,"column":4}},"40":{"start":{"line":41,"column":0},"end":{"line":41,"column":2}}},"s":{"0":1,"1":1,"2":1,"3":1,"4":1,"5":1,"6":1,"7":1,"8":1,"9":1,"10":22,"11":22,"12":22,"13":22,"14":22,"15":22,"16":22,"17":22,"18":22,"19":22,"20":22,"21":22,"22":22,"23":22,"24":22,"25":22,"26":22,"27":22,"28":22,"29":22,"30":22,"31":22,"32":22,"33":22,"34":22,"35":22,"36":22,"37":22,"38":22,"39":22,"40":22},"branchMap":{"0":{"type":"branch","line":10,"loc":{"start":{"line":10,"column":26},"end":{"line":41,"column":2}},"locations":[{"start":{"line":10,"column":26},"end":{"line":41,"column":2}}]},"1":{"type":"branch","line":13,"loc":{"start":{"line":13,"column":28},"end":{"line":13,"column":69}},"locations":[{"start":{"line":13,"column":28},"end":{"line":13,"column":69}}]},"2":{"type":"branch","line":17,"loc":{"start":{"line":17,"column":23},"end":{"line":17,"column":61}},"locations":[{"start":{"line":17,"column":23},"end":{"line":17,"column":61}}]},"3":{"type":"branch","line":33,"loc":{"start":{"line":33,"column":27},"end":{"line":33,"column":68}},"locations":[{"start":{"line":33,"column":27},"end":{"line":33,"column":68}}]},"4":{"type":"branch","line":37,"loc":{"start":{"line":37,"column":25},"end":{"line":37,"column":55}},"locations":[{"start":{"line":37,"column":25},"end":{"line":37,"column":55}}]}},"b":{"0":[22],"1":[10],"2":[8],"3":[2],"4":[1]},"fnMap":{"0":{"name":"Calculator","decl":{"start":{"line":10,"column":26},"end":{"line":41,"column":2}},"loc":{"start":{"line":10,"column":26},"end":{"line":41,"column":2}},"line":10},"1":{"name":"createHandleClick","decl":{"start":{"line":13,"column":28},"end":{"line":13,"column":69}},"loc":{"start":{"line":13,"column":28},"end":{"line":13,"column":69}},"line":13},"2":{"name":"onClick","decl":{"start":{"line":17,"column":23},"end":{"line":17,"column":61}},"loc":{"start":{"line":17,"column":23},"end":{"line":17,"column":61}},"line":17},"3":{"name":"onClick","decl":{"start":{"line":33,"column":27},"end":{"line":33,"column":68}},"loc":{"start":{"line":33,"column":27},"end":{"line":33,"column":68}},"line":33},"4":{"name":"onClick","decl":{"start":{"line":37,"column":25},"end":{"line":37,"column":55}},"loc":{"start":{"line":37,"column":25},"end":{"line":37,"column":55}},"line":37}},"f":{"0":22,"1":10,"2":8,"3":2,"4":1}}
,"/home/node/app/react-tdd/src/fizzbuzz/index.js": {"path":"/home/node/app/react-tdd/src/fizzbuzz/index.js","all":false,"statementMap":{"0":{"start":{"line":1,"column":0},"end":{"line":1,"column":2}},"1":{"start":{"line":2,"column":0},"end":{"line":2,"column":46}},"2":{"start":{"line":3,"column":0},"end":{"line":3,"column":40}},"3":{"start":{"line":4,"column":0},"end":{"line":4,"column":41}},"4":{"start":{"line":5,"column":0},"end":{"line":5,"column":49}},"5":{"start":{"line":6,"column":0},"end":{"line":6,"column":71}},"6":{"start":{"line":7,"column":0},"end":{"line":7,"column":2}},"7":{"start":{"line":8,"column":0},"end":{"line":8,"column":0}},"8":{"start":{"line":9,"column":0},"end":{"line":9,"column":61}},"9":{"start":{"line":10,"column":0},"end":{"line":10,"column":0}},"10":{"start":{"line":11,"column":0},"end":{"line":11,"column":33}},"11":{"start":{"line":12,"column":0},"end":{"line":12,"column":60}},"12":{"start":{"line":13,"column":0},"end":{"line":13,"column":39}},"13":{"start":{"line":14,"column":0},"end":{"line":14,"column":65}},"14":{"start":{"line":15,"column":0},"end":{"line":15,"column":41}},"15":{"start":{"line":16,"column":0},"end":{"line":16,"column":41}},"16":{"start":{"line":17,"column":0},"end":{"line":17,"column":19}},"17":{"start":{"line":18,"column":0},"end":{"line":18,"column":5}},"18":{"start":{"line":19,"column":0},"end":{"line":19,"column":0}},"19":{"start":{"line":20,"column":0},"end":{"line":20,"column":19}},"20":{"start":{"line":21,"column":0},"end":{"line":21,"column":30}},"21":{"start":{"line":22,"column":0},"end":{"line":22,"column":57}},"22":{"start":{"line":23,"column":0},"end":{"line":23,"column":36}},"23":{"start":{"line":24,"column":0},"end":{"line":24,"column":0}},"24":{"start":{"line":25,"column":0},"end":{"line":25,"column":46}},"25":{"start":{"line":26,"column":0},"end":{"line":26,"column":18}},"26":{"start":{"line":27,"column":0},"end":{"line":27,"column":0}},"27":{"start":{"line":28,"column":0},"end":{"line":28,"column":62}},"28":{"start":{"line":29,"column":0},"end":{"line":29,"column":50}},"29":{"start":{"line":30,"column":0},"end":{"line":30,"column":5}},"30":{"start":{"line":31,"column":0},"end":{"line":31,"column":0}},"31":{"start":{"line":32,"column":0},"end":{"line":32,"column":41}},"32":{"start":{"line":33,"column":0},"end":{"line":33,"column":2}},"33":{"start":{"line":34,"column":0},"end":{"line":34,"column":0}},"34":{"start":{"line":35,"column":0},"end":{"line":35,"column":36}}},"s":{"0":1,"1":1,"2":1,"3":1,"4":1,"5":1,"6":1,"7":1,"8":1,"9":1,"10":1,"11":1,"12":1,"13":1,"14":1,"15":1,"16":1,"17":1,"18":1,"19":1,"20":1,"21":9,"22":9,"23":7,"24":7,"25":7,"26":7,"27":7,"28":14,"29":7,"30":7,"31":9,"32":9,"33":1,"34":1},"branchMap":{"0":{"type":"branch","line":21,"loc":{"start":{"line":21,"column":17},"end":{"line":33,"column":2}},"locations":[{"start":{"line":21,"column":17},"end":{"line":33,"column":2}}]},"1":{"type":"branch","line":22,"loc":{"start":{"line":22,"column":33},"end":{"line":22,"column":56}},"locations":[{"start":{"line":22,"column":33},"end":{"line":22,"column":56}}]},"2":{"type":"branch","line":23,"loc":{"start":{"line":23,"column":4},"end":{"line":23,"column":36}},"locations":[{"start":{"line":23,"column":4},"end":{"line":23,"column":36}}]},"3":{"type":"branch","line":24,"loc":{"start":{"line":24,"column":-1},"end":{"line":32,"column":23}},"locations":[{"start":{"line":24,"column":-1},"end":{"line":32,"column":23}}]},"4":{"type":"branch","line":32,"loc":{"start":{"line":32,"column":23},"end":{"line":32,"column":31}},"locations":[{"start":{"line":32,"column":23},"end":{"line":32,"column":31}}]},"5":{"type":"branch","line":32,"loc":{"start":{"line":32,"column":32},"end":{"line":32,"column":40}},"locations":[{"start":{"line":32,"column":32},"end":{"line":32,"column":40}}]},"6":{"type":"branch","line":28,"loc":{"start":{"line":28,"column":37},"end":{"line":30,"column":3}},"locations":[{"start":{"line":28,"column":37},"end":{"line":30,"column":3}}]},"7":{"type":"branch","line":29,"loc":{"start":{"line":29,"column":35},"end":{"line":29,"column":50}},"locations":[{"start":{"line":29,"column":35},"end":{"line":29,"column":50}}]}},"b":{"0":[9],"1":[8],"2":[2],"3":[7],"4":[1],"5":[6],"6":[14],"7":[7]},"fnMap":{"0":{"name":"fizzbuzz","decl":{"start":{"line":21,"column":17},"end":{"line":33,"column":2}},"loc":{"start":{"line":21,"column":17},"end":{"line":33,"column":2}},"line":21}},"f":{"0":9}}
}
